<?xml version="1.0" encoding="UTF-8"?>
<testng-results ignored="0" total="1" passed="1" failed="0" skipped="0">
  <reporter-output>
  </reporter-output>
  <suite started-at="2021-07-07T21:58:17 IST" name="Default suite" finished-at="2021-07-07T21:58:41 IST" duration-ms="23486">
    <groups>
    </groups>
    <test started-at="2021-07-07T21:58:17 IST" name="Default test" finished-at="2021-07-07T21:58:41 IST" duration-ms="23486">
      <class name="com.test.Assignleave">
        <test-method is-config="true" signature="setup()[pri:0, instance:com.test.Assignleave@1af687fe]" started-at="2021-07-07T21:58:17 IST" name="setup" finished-at="2021-07-07T21:58:28 IST" duration-ms="10684" status="PASS">
          <reporter-output>
          </reporter-output>
        </test-method> <!-- setup -->
        <test-method signature="Assignpage()[pri:0, instance:com.test.Assignleave@1af687fe]" started-at="2021-07-07T21:58:28 IST" name="Assignpage" finished-at="2021-07-07T21:58:41 IST" duration-ms="12730" status="PASS">
          <reporter-output>
          </reporter-output>
        </test-method> <!-- Assignpage -->
      </class> <!-- com.test.Assignleave -->
    </test> <!-- Default test -->
  </suite> <!-- Default suite -->
</testng-results>
